/Users/alessandrovecchi/Desktop/Mere2k25/ai-vis-standards/runs/t02_line_gaps/perplexitypro/baseline/s1/code.py:20: UserWarning: Could not infer format, so each element will be parsed individually, falling back to `dateutil`. To ensure parsing is consistent and as-expected, please specify a format.
  data[date_col] = pd.to_datetime(data[date_col], errors='coerce')
Traceback (most recent call last):
  File "/Users/alessandrovecchi/Desktop/Mere2k25/.venv/lib/python3.13/site-packages/pandas/core/indexes/base.py", line 3812, in get_loc
    return self._engine.get_loc(casted_key)
           ~~~~~~~~~~~~~~~~~~~~^^^^^^^^^^^^
  File "pandas/_libs/index.pyx", line 167, in pandas._libs.index.IndexEngine.get_loc
  File "pandas/_libs/index.pyx", line 196, in pandas._libs.index.IndexEngine.get_loc
  File "pandas/_libs/hashtable_class_helper.pxi", line 7088, in pandas._libs.hashtable.PyObjectHashTable.get_item
  File "pandas/_libs/hashtable_class_helper.pxi", line 7096, in pandas._libs.hashtable.PyObjectHashTable.get_item
KeyError: 'Value'

The above exception was the direct cause of the following exception:

Traceback (most recent call last):
  File "/Users/alessandrovecchi/Desktop/Mere2k25/ai-vis-standards/runs/t02_line_gaps/perplexitypro/baseline/s1/code.py", line 24, in <module>
    ax.plot(data[date_col], data['Value'], marker='o', linestyle='-')
                            ~~~~^^^^^^^^^
  File "/Users/alessandrovecchi/Desktop/Mere2k25/.venv/lib/python3.13/site-packages/pandas/core/frame.py", line 4113, in __getitem__
    indexer = self.columns.get_loc(key)
  File "/Users/alessandrovecchi/Desktop/Mere2k25/.venv/lib/python3.13/site-packages/pandas/core/indexes/base.py", line 3819, in get_loc
    raise KeyError(key) from err
KeyError: 'Value'
